<?xml version="1.0" encoding="UTF-8"?>
<!-- Generated by org.testng.reporters.JUnitXMLReporter -->
<testsuite ignored="0" hostname="PiyushVerma" failures="0" tests="19" name="Parallel Execution of Classes Tests" time="66.426" errors="0" timestamp="2023-07-28T18:01:43 IST">
  <testcase classname="testNGPrograms.parallelTestExecution.GoogleTest" name="@AfterTest closeBrowser" time="0.113">
    <failure type="org.openqa.selenium.NoSuchSessionException" message="Session ID is null. Using WebDriver after calling quit()?
Build info: version: &amp;apos;3.141.59&amp;apos;, revision: &amp;apos;e82be7d358&amp;apos;, time: &amp;apos;2018-11-14T08:17:03&amp;apos;
System info: host: &amp;apos;PIYUSHVERMA&amp;apos;, ip: &amp;apos;192.168.29.106&amp;apos;, os.name: &amp;apos;Windows 10&amp;apos;, os.arch: &amp;apos;amd64&amp;apos;, os.version: &amp;apos;10.0&amp;apos;, java.version: &amp;apos;11.0.9&amp;apos;
Driver info: driver.version: RemoteWebDriver">
      <![CDATA[org.openqa.selenium.NoSuchSessionException: Session ID is null. Using WebDriver after calling quit()?
Build info: version: '3.141.59', revision: 'e82be7d358', time: '2018-11-14T08:17:03'
System info: host: 'PIYUSHVERMA', ip: '192.168.29.106', os.name: 'Windows 10', os.arch: 'amd64', os.version: '10.0', java.version: '11.0.9'
Driver info: driver.version: RemoteWebDriver
at org.openqa.selenium.remote.HttpCommandExecutor.execute(HttpCommandExecutor.java:125)
at org.openqa.selenium.remote.service.DriverCommandExecutor.execute(DriverCommandExecutor.java:83)
at org.openqa.selenium.remote.RemoteWebDriver.execute(RemoteWebDriver.java:552)
at org.openqa.selenium.remote.RemoteWebDriver.execute(RemoteWebDriver.java:609)
at org.openqa.selenium.remote.RemoteWebDriver.close(RemoteWebDriver.java:442)
at testNGPrograms.parallelTestExecution.BaseClassParallelTesting.tearDown(BaseClassParallelTesting.java:177)
at testNGPrograms.parallelTestExecution.GoogleTest.closeBrowser(GoogleTest.java:65)
at com.intellij.rt.testng.IDEARemoteTestNG.run(IDEARemoteTestNG.java:66)
at com.intellij.rt.testng.RemoteTestNGStarter.main(RemoteTestNGStarter.java:109)
... Removed 21 stack frames]]>
    </failure>
  </testcase> <!-- @AfterTest closeBrowser -->
  <testcase classname="testNGPrograms.parallelTestExecution.MidtransTest" name="@AfterTest closeBrowser" time="-1.690547503431E9">
    <skipped/>
  </testcase> <!-- @AfterTest closeBrowser -->
  <testcase classname="testNGPrograms.parallelTestExecution.YoutubeTest" name="@AfterTest closeBrowser" time="-1.690547503432E9">
    <skipped/>
  </testcase> <!-- @AfterTest closeBrowser -->
  <testcase classname="testNGPrograms.parallelTestExecution.ExampleTest" name="navigateToURL" time="6.098"/>
  <testcase classname="testNGPrograms.parallelTestExecution.GoogleTest" name="navigateToURL" time="8.232"/>
  <testcase classname="testNGPrograms.parallelTestExecution.MidtransTest" name="navigateToURL" time="8.248"/>
  <testcase classname="testNGPrograms.parallelTestExecution.ExampleTest" name="verifyTitle" time="3.265"/>
  <testcase classname="testNGPrograms.parallelTestExecution.GoogleTest" name="verifyTitle" time="3.082"/>
  <testcase classname="testNGPrograms.parallelTestExecution.MidtransTest" name="verifyTitle" time="3.848"/>
  <testcase classname="testNGPrograms.parallelTestExecution.ExampleTest" name="verifyLogo" time="3.633"/>
  <testcase classname="testNGPrograms.parallelTestExecution.GoogleTest" name="verifyLogo" time="3.243"/>
  <testcase classname="testNGPrograms.parallelTestExecution.MidtransTest" name="clickOnBuyNowButton" time="3.424"/>
  <testcase classname="testNGPrograms.parallelTestExecution.MidtransTest" name="verifyShoppingCartPopUp" time="3.553"/>
  <testcase classname="testNGPrograms.parallelTestExecution.YoutubeTest" name="navigateToURL" time="20.156"/>
  <testcase classname="testNGPrograms.parallelTestExecution.ExampleTest" name="clickOnMoreInformation" time="7.588"/>
  <testcase classname="testNGPrograms.parallelTestExecution.GoogleTest" name="searchText" time="6.622"/>
  <testcase classname="testNGPrograms.parallelTestExecution.YoutubeTest" name="verifyTitle" time="4.471"/>
  <testcase classname="testNGPrograms.parallelTestExecution.YoutubeTest" name="verifyLogo" time="3.64"/>
  <testcase classname="testNGPrograms.parallelTestExecution.ExampleTest" name="clickOnAbout" time="8.744"/>
  <testcase classname="testNGPrograms.parallelTestExecution.YoutubeTest" name="searchText" time="3.782"/>
  <testcase classname="testNGPrograms.parallelTestExecution.ExampleTest" name="verifyText" time="3.102"/>
  <testcase classname="testNGPrograms.parallelTestExecution.MidtransTest" name="enterUserDetails" time="22.011"/>
</testsuite> <!-- Parallel Execution of Classes Tests -->
