<html>
<head>
<title>TestNG:  Cross Browser Testing Test</title>
<link href="../testng.css" rel="stylesheet" type="text/css" />
<link href="../my-testng.css" rel="stylesheet" type="text/css" />

<style type="text/css">
.log { display: none;} 
.stack-trace { display: none;} 
</style>
<script type="text/javascript">
<!--
function flip(e) {
  current = e.style.display;
  if (current == 'block') {
    e.style.display = 'none';
    return 0;
  }
  else {
    e.style.display = 'block';
    return 1;
  }
}

function toggleBox(szDivId, elem, msg1, msg2)
{
  var res = -1;  if (document.getElementById) {
    res = flip(document.getElementById(szDivId));
  }
  else if (document.all) {
    // this is the way old msie versions work
    res = flip(document.all[szDivId]);
  }
  if(elem) {
    if(res == 0) elem.innerHTML = msg1; else elem.innerHTML = msg2;
  }

}

function toggleAllBoxes() {
  if (document.getElementsByTagName) {
    d = document.getElementsByTagName('div');
    for (i = 0; i < d.length; i++) {
      if (d[i].className == 'log') {
        flip(d[i]);
      }
    }
  }
}

// -->
</script>

</head>
<body>
<h2 align='center'>Cross Browser Testing Test</h2><table border='1' align="center">
<tr>
<td>Tests passed/Failed/Skipped:</td><td>15/0/0</td>
</tr><tr>
<td>Started on:</td><td>Fri Jul 28 18:19:40 IST 2023</td>
</tr>
<tr><td>Total time:</td><td>146 seconds (146685 ms)</td>
</tr><tr>
<td>Included groups:</td><td></td>
</tr><tr>
<td>Excluded groups:</td><td></td>
</tr>
</table><p/>
<small><i>(Hover the method name to see the test class name)</i></small><p/>
<table width='100%' border='1' class='invocation-failed'>
<tr><td colspan='4' align='center'><b>FAILED CONFIGURATIONS</b></td></tr>
<tr><td><b>Test method</b></td>
<td width="30%"><b>Exception</b></td>
<td width="10%"><b>Time (seconds)</b></td>
<td><b>Instance</b></td>
</tr>
<tr>
<td title='testNGPrograms.crossBrowserTesting.MidtransFirefox.closeBrowser()'><b>closeBrowser</b><br>Test class: testNGPrograms.crossBrowserTesting.MidtransFirefox</td>
<td><div><pre>org.openqa.selenium.NoSuchSessionException: Session ID is null. Using WebDriver after calling quit()?
Build info: version: &apos;3.141.59&apos;, revision: &apos;e82be7d358&apos;, time: &apos;2018-11-14T08:17:03&apos;
System info: host: &apos;PIYUSHVERMA&apos;, ip: &apos;192.168.29.106&apos;, os.name: &apos;Windows 10&apos;, os.arch: &apos;amd64&apos;, os.version: &apos;10.0&apos;, java.version: &apos;11.0.9&apos;
Driver info: driver.version: RemoteWebDriver
	at org.openqa.selenium.remote.HttpCommandExecutor.execute(HttpCommandExecutor.java:125)
	at org.openqa.selenium.remote.service.DriverCommandExecutor.execute(DriverCommandExecutor.java:83)
	at org.openqa.selenium.remote.RemoteWebDriver.execute(RemoteWebDriver.java:552)
	at org.openqa.selenium.remote.RemoteWebDriver.execute(RemoteWebDriver.java:609)
	at org.openqa.selenium.remote.RemoteWebDriver.close(RemoteWebDriver.java:442)
	at testNGPrograms.crossBrowserTesting.BaseClassCrossBrowserTesting.tearDown(BaseClassCrossBrowserTesting.java:197)
	at testNGPrograms.crossBrowserTesting.MidtransFirefox.closeBrowser(MidtransFirefox.java:101)
	at java.base/jdk.internal.reflect.NativeMethodAccessorImpl.invoke0(Native Method)
	at java.base/jdk.internal.reflect.NativeMethodAccessorImpl.invoke(NativeMethodAccessorImpl.java:62)
	at java.base/jdk.internal.reflect.DelegatingMethodAccessorImpl.invoke(DelegatingMethodAccessorImpl.java:43)
	at java.base/java.lang.reflect.Method.invoke(Method.java:566)
	at org.testng.internal.MethodInvocationHelper.invokeMethod(MethodInvocationHelper.java:132)
	at org.testng.internal.MethodInvocationHelper.invokeMethodConsideringTimeout(MethodInvocationHelper.java:61)
	at org.testng.internal.ConfigInvoker.invokeConfigurationMethod(ConfigInvoker.java:366)
	at org.testng.internal.ConfigInvoker.invokeConfigurations(ConfigInvoker.java:320)
	at org.testng.TestRunner.invokeTestConfigurations(TestRunner.java:617)
	at org.testng.TestRunner.afterRun(TestRunner.java:847)
	at org.testng.TestRunner.run(TestRunner.java:588)
	at org.testng.SuiteRunner.runTest(SuiteRunner.java:384)
	at org.testng.SuiteRunner.runSequentially(SuiteRunner.java:378)
	at org.testng.SuiteRunner.privateRun(SuiteRunner.java:337)
	at org.testng.SuiteRunner.run(SuiteRunner.java:286)
	at org.testng.SuiteRunnerWorker.runSuite(SuiteRunnerWorker.java:53)
	at org.testng.SuiteRunnerWorker.run(SuiteRunnerWorker.java:96)
	at org.testng.TestNG.runSuitesSequentially(TestNG.java:1218)
	at org.testng.TestNG.runSuitesLocally(TestNG.java:1140)
	at org.testng.TestNG.runSuites(TestNG.java:1069)
	at org.testng.TestNG.run(TestNG.java:1037)
	at com.intellij.rt.testng.IDEARemoteTestNG.run(IDEARemoteTestNG.java:66)
	at com.intellij.rt.testng.RemoteTestNGStarter.main(RemoteTestNGStarter.java:109)
</pre></div><a href='#' onClick='toggleBox("stack-trace404588697", this, "Click to show all stack frames", "Click to hide stack frames")'>Click to show all stack frames</a>
<div class='stack-trace' id='stack-trace404588697'><pre>org.openqa.selenium.NoSuchSessionException: Session ID is null. Using WebDriver after calling quit()?
Build info: version: &apos;3.141.59&apos;, revision: &apos;e82be7d358&apos;, time: &apos;2018-11-14T08:17:03&apos;
System info: host: &apos;PIYUSHVERMA&apos;, ip: &apos;192.168.29.106&apos;, os.name: &apos;Windows 10&apos;, os.arch: &apos;amd64&apos;, os.version: &apos;10.0&apos;, java.version: &apos;11.0.9&apos;
Driver info: driver.version: RemoteWebDriver
	at org.openqa.selenium.remote.HttpCommandExecutor.execute(HttpCommandExecutor.java:125)
	at org.openqa.selenium.remote.service.DriverCommandExecutor.execute(DriverCommandExecutor.java:83)
	at org.openqa.selenium.remote.RemoteWebDriver.execute(RemoteWebDriver.java:552)
	at org.openqa.selenium.remote.RemoteWebDriver.execute(RemoteWebDriver.java:609)
	at org.openqa.selenium.remote.RemoteWebDriver.close(RemoteWebDriver.java:442)
	at testNGPrograms.crossBrowserTesting.BaseClassCrossBrowserTesting.tearDown(BaseClassCrossBrowserTesting.java:197)
	at testNGPrograms.crossBrowserTesting.MidtransFirefox.closeBrowser(MidtransFirefox.java:101)
	at java.base/jdk.internal.reflect.NativeMethodAccessorImpl.invoke0(Native Method)
	at java.base/jdk.internal.reflect.NativeMethodAccessorImpl.invoke(NativeMethodAccessorImpl.java:62)
	at java.base/jdk.internal.reflect.DelegatingMethodAccessorImpl.invoke(DelegatingMethodAccessorImpl.java:43)
	at java.base/java.lang.reflect.Method.invoke(Method.java:566)
	at org.testng.internal.MethodInvocationHelper.invokeMethod(MethodInvocationHelper.java:132)
	at org.testng.internal.MethodInvocationHelper.invokeMethodConsideringTimeout(MethodInvocationHelper.java:61)
	at org.testng.internal.ConfigInvoker.invokeConfigurationMethod(ConfigInvoker.java:366)
	at org.testng.internal.ConfigInvoker.invokeConfigurations(ConfigInvoker.java:320)
	at org.testng.TestRunner.invokeTestConfigurations(TestRunner.java:617)
	at org.testng.TestRunner.afterRun(TestRunner.java:847)
	at org.testng.TestRunner.run(TestRunner.java:588)
	at org.testng.SuiteRunner.runTest(SuiteRunner.java:384)
	at org.testng.SuiteRunner.runSequentially(SuiteRunner.java:378)
	at org.testng.SuiteRunner.privateRun(SuiteRunner.java:337)
	at org.testng.SuiteRunner.run(SuiteRunner.java:286)
	at org.testng.SuiteRunnerWorker.runSuite(SuiteRunnerWorker.java:53)
	at org.testng.SuiteRunnerWorker.run(SuiteRunnerWorker.java:96)
	at org.testng.TestNG.runSuitesSequentially(TestNG.java:1218)
	at org.testng.TestNG.runSuitesLocally(TestNG.java:1140)
	at org.testng.TestNG.runSuites(TestNG.java:1069)
	at org.testng.TestNG.run(TestNG.java:1037)
	at com.intellij.rt.testng.IDEARemoteTestNG.run(IDEARemoteTestNG.java:66)
	at com.intellij.rt.testng.RemoteTestNGStarter.main(RemoteTestNGStarter.java:109)
</pre></div></td>
<td>0</td>
<td>testNGPrograms.crossBrowserTesting.MidtransFirefox@57ad2aa7</td></tr>
<tr>
<td title='testNGPrograms.crossBrowserTesting.MidtransMSEdge.closeBrowser()'><b>closeBrowser</b><br>Test class: testNGPrograms.crossBrowserTesting.MidtransMSEdge</td>
<td><div><pre>org.openqa.selenium.NoSuchSessionException: Session ID is null. Using WebDriver after calling quit()?
Build info: version: &apos;3.141.59&apos;, revision: &apos;e82be7d358&apos;, time: &apos;2018-11-14T08:17:03&apos;
System info: host: &apos;PIYUSHVERMA&apos;, ip: &apos;192.168.29.106&apos;, os.name: &apos;Windows 10&apos;, os.arch: &apos;amd64&apos;, os.version: &apos;10.0&apos;, java.version: &apos;11.0.9&apos;
Driver info: driver.version: RemoteWebDriver
	at org.openqa.selenium.remote.HttpCommandExecutor.execute(HttpCommandExecutor.java:125)
	at org.openqa.selenium.remote.service.DriverCommandExecutor.execute(DriverCommandExecutor.java:83)
	at org.openqa.selenium.remote.RemoteWebDriver.execute(RemoteWebDriver.java:552)
	at org.openqa.selenium.remote.RemoteWebDriver.execute(RemoteWebDriver.java:609)
	at org.openqa.selenium.remote.RemoteWebDriver.close(RemoteWebDriver.java:442)
	at testNGPrograms.crossBrowserTesting.BaseClassCrossBrowserTesting.tearDown(BaseClassCrossBrowserTesting.java:197)
	at testNGPrograms.crossBrowserTesting.MidtransMSEdge.closeBrowser(MidtransMSEdge.java:101)
	at java.base/jdk.internal.reflect.NativeMethodAccessorImpl.invoke0(Native Method)
	at java.base/jdk.internal.reflect.NativeMethodAccessorImpl.invoke(NativeMethodAccessorImpl.java:62)
	at java.base/jdk.internal.reflect.DelegatingMethodAccessorImpl.invoke(DelegatingMethodAccessorImpl.java:43)
	at java.base/java.lang.reflect.Method.invoke(Method.java:566)
	at org.testng.internal.MethodInvocationHelper.invokeMethod(MethodInvocationHelper.java:132)
	at org.testng.internal.MethodInvocationHelper.invokeMethodConsideringTimeout(MethodInvocationHelper.java:61)
	at org.testng.internal.ConfigInvoker.invokeConfigurationMethod(ConfigInvoker.java:366)
	at org.testng.internal.ConfigInvoker.invokeConfigurations(ConfigInvoker.java:320)
	at org.testng.TestRunner.invokeTestConfigurations(TestRunner.java:617)
	at org.testng.TestRunner.afterRun(TestRunner.java:847)
	at org.testng.TestRunner.run(TestRunner.java:588)
	at org.testng.SuiteRunner.runTest(SuiteRunner.java:384)
	at org.testng.SuiteRunner.runSequentially(SuiteRunner.java:378)
	at org.testng.SuiteRunner.privateRun(SuiteRunner.java:337)
	at org.testng.SuiteRunner.run(SuiteRunner.java:286)
	at org.testng.SuiteRunnerWorker.runSuite(SuiteRunnerWorker.java:53)
	at org.testng.SuiteRunnerWorker.run(SuiteRunnerWorker.java:96)
	at org.testng.TestNG.runSuitesSequentially(TestNG.java:1218)
	at org.testng.TestNG.runSuitesLocally(TestNG.java:1140)
	at org.testng.TestNG.runSuites(TestNG.java:1069)
	at org.testng.TestNG.run(TestNG.java:1037)
	at com.intellij.rt.testng.IDEARemoteTestNG.run(IDEARemoteTestNG.java:66)
	at com.intellij.rt.testng.RemoteTestNGStarter.main(RemoteTestNGStarter.java:109)
</pre></div><a href='#' onClick='toggleBox("stack-trace1380085944", this, "Click to show all stack frames", "Click to hide stack frames")'>Click to show all stack frames</a>
<div class='stack-trace' id='stack-trace1380085944'><pre>org.openqa.selenium.NoSuchSessionException: Session ID is null. Using WebDriver after calling quit()?
Build info: version: &apos;3.141.59&apos;, revision: &apos;e82be7d358&apos;, time: &apos;2018-11-14T08:17:03&apos;
System info: host: &apos;PIYUSHVERMA&apos;, ip: &apos;192.168.29.106&apos;, os.name: &apos;Windows 10&apos;, os.arch: &apos;amd64&apos;, os.version: &apos;10.0&apos;, java.version: &apos;11.0.9&apos;
Driver info: driver.version: RemoteWebDriver
	at org.openqa.selenium.remote.HttpCommandExecutor.execute(HttpCommandExecutor.java:125)
	at org.openqa.selenium.remote.service.DriverCommandExecutor.execute(DriverCommandExecutor.java:83)
	at org.openqa.selenium.remote.RemoteWebDriver.execute(RemoteWebDriver.java:552)
	at org.openqa.selenium.remote.RemoteWebDriver.execute(RemoteWebDriver.java:609)
	at org.openqa.selenium.remote.RemoteWebDriver.close(RemoteWebDriver.java:442)
	at testNGPrograms.crossBrowserTesting.BaseClassCrossBrowserTesting.tearDown(BaseClassCrossBrowserTesting.java:197)
	at testNGPrograms.crossBrowserTesting.MidtransMSEdge.closeBrowser(MidtransMSEdge.java:101)
	at java.base/jdk.internal.reflect.NativeMethodAccessorImpl.invoke0(Native Method)
	at java.base/jdk.internal.reflect.NativeMethodAccessorImpl.invoke(NativeMethodAccessorImpl.java:62)
	at java.base/jdk.internal.reflect.DelegatingMethodAccessorImpl.invoke(DelegatingMethodAccessorImpl.java:43)
	at java.base/java.lang.reflect.Method.invoke(Method.java:566)
	at org.testng.internal.MethodInvocationHelper.invokeMethod(MethodInvocationHelper.java:132)
	at org.testng.internal.MethodInvocationHelper.invokeMethodConsideringTimeout(MethodInvocationHelper.java:61)
	at org.testng.internal.ConfigInvoker.invokeConfigurationMethod(ConfigInvoker.java:366)
	at org.testng.internal.ConfigInvoker.invokeConfigurations(ConfigInvoker.java:320)
	at org.testng.TestRunner.invokeTestConfigurations(TestRunner.java:617)
	at org.testng.TestRunner.afterRun(TestRunner.java:847)
	at org.testng.TestRunner.run(TestRunner.java:588)
	at org.testng.SuiteRunner.runTest(SuiteRunner.java:384)
	at org.testng.SuiteRunner.runSequentially(SuiteRunner.java:378)
	at org.testng.SuiteRunner.privateRun(SuiteRunner.java:337)
	at org.testng.SuiteRunner.run(SuiteRunner.java:286)
	at org.testng.SuiteRunnerWorker.runSuite(SuiteRunnerWorker.java:53)
	at org.testng.SuiteRunnerWorker.run(SuiteRunnerWorker.java:96)
	at org.testng.TestNG.runSuitesSequentially(TestNG.java:1218)
	at org.testng.TestNG.runSuitesLocally(TestNG.java:1140)
	at org.testng.TestNG.runSuites(TestNG.java:1069)
	at org.testng.TestNG.run(TestNG.java:1037)
	at com.intellij.rt.testng.IDEARemoteTestNG.run(IDEARemoteTestNG.java:66)
	at com.intellij.rt.testng.RemoteTestNGStarter.main(RemoteTestNGStarter.java:109)
</pre></div></td>
<td>0</td>
<td>testNGPrograms.crossBrowserTesting.MidtransMSEdge@5b3f61ff</td></tr>
</table><p>
<table width='100%' border='1' class='invocation-passed'>
<tr><td colspan='4' align='center'><b>PASSED TESTS</b></td></tr>
<tr><td><b>Test method</b></td>
<td width="30%"><b>Exception</b></td>
<td width="10%"><b>Time (seconds)</b></td>
<td><b>Instance</b></td>
</tr>
<tr>
<td title='testNGPrograms.crossBrowserTesting.MidtransChrome.clickOnBuyNowButton()'><b>clickOnBuyNowButton</b><br>Test class: testNGPrograms.crossBrowserTesting.MidtransChrome</td>
<td></td>
<td>4</td>
<td>testNGPrograms.crossBrowserTesting.MidtransChrome@1722011b</td></tr>
<tr>
<td title='testNGPrograms.crossBrowserTesting.MidtransFirefox.clickOnBuyNowButton()'><b>clickOnBuyNowButton</b><br>Test class: testNGPrograms.crossBrowserTesting.MidtransFirefox</td>
<td></td>
<td>4</td>
<td>testNGPrograms.crossBrowserTesting.MidtransFirefox@57ad2aa7</td></tr>
<tr>
<td title='testNGPrograms.crossBrowserTesting.MidtransMSEdge.clickOnBuyNowButton()'><b>clickOnBuyNowButton</b><br>Test class: testNGPrograms.crossBrowserTesting.MidtransMSEdge</td>
<td></td>
<td>4</td>
<td>testNGPrograms.crossBrowserTesting.MidtransMSEdge@5b3f61ff</td></tr>
<tr>
<td title='testNGPrograms.crossBrowserTesting.MidtransChrome.enterUserDetails()'><b>enterUserDetails</b><br>Test class: testNGPrograms.crossBrowserTesting.MidtransChrome</td>
<td></td>
<td>19</td>
<td>testNGPrograms.crossBrowserTesting.MidtransChrome@1722011b</td></tr>
<tr>
<td title='testNGPrograms.crossBrowserTesting.MidtransFirefox.enterUserDetails()'><b>enterUserDetails</b><br>Test class: testNGPrograms.crossBrowserTesting.MidtransFirefox</td>
<td></td>
<td>16</td>
<td>testNGPrograms.crossBrowserTesting.MidtransFirefox@57ad2aa7</td></tr>
<tr>
<td title='testNGPrograms.crossBrowserTesting.MidtransMSEdge.enterUserDetails()'><b>enterUserDetails</b><br>Test class: testNGPrograms.crossBrowserTesting.MidtransMSEdge</td>
<td></td>
<td>16</td>
<td>testNGPrograms.crossBrowserTesting.MidtransMSEdge@5b3f61ff</td></tr>
<tr>
<td title='testNGPrograms.crossBrowserTesting.MidtransChrome.navigateToURL()'><b>navigateToURL</b><br>Test class: testNGPrograms.crossBrowserTesting.MidtransChrome</td>
<td></td>
<td>8</td>
<td>testNGPrograms.crossBrowserTesting.MidtransChrome@1722011b</td></tr>
<tr>
<td title='testNGPrograms.crossBrowserTesting.MidtransFirefox.navigateToURL()'><b>navigateToURL</b><br>Test class: testNGPrograms.crossBrowserTesting.MidtransFirefox</td>
<td></td>
<td>8</td>
<td>testNGPrograms.crossBrowserTesting.MidtransFirefox@57ad2aa7</td></tr>
<tr>
<td title='testNGPrograms.crossBrowserTesting.MidtransMSEdge.navigateToURL()'><b>navigateToURL</b><br>Test class: testNGPrograms.crossBrowserTesting.MidtransMSEdge</td>
<td></td>
<td>7</td>
<td>testNGPrograms.crossBrowserTesting.MidtransMSEdge@5b3f61ff</td></tr>
<tr>
<td title='testNGPrograms.crossBrowserTesting.MidtransChrome.verifyShoppingCartPopUp()'><b>verifyShoppingCartPopUp</b><br>Test class: testNGPrograms.crossBrowserTesting.MidtransChrome</td>
<td></td>
<td>3</td>
<td>testNGPrograms.crossBrowserTesting.MidtransChrome@1722011b</td></tr>
<tr>
<td title='testNGPrograms.crossBrowserTesting.MidtransFirefox.verifyShoppingCartPopUp()'><b>verifyShoppingCartPopUp</b><br>Test class: testNGPrograms.crossBrowserTesting.MidtransFirefox</td>
<td></td>
<td>3</td>
<td>testNGPrograms.crossBrowserTesting.MidtransFirefox@57ad2aa7</td></tr>
<tr>
<td title='testNGPrograms.crossBrowserTesting.MidtransMSEdge.verifyShoppingCartPopUp()'><b>verifyShoppingCartPopUp</b><br>Test class: testNGPrograms.crossBrowserTesting.MidtransMSEdge</td>
<td></td>
<td>3</td>
<td>testNGPrograms.crossBrowserTesting.MidtransMSEdge@5b3f61ff</td></tr>
<tr>
<td title='testNGPrograms.crossBrowserTesting.MidtransChrome.verifyTitle()'><b>verifyTitle</b><br>Test class: testNGPrograms.crossBrowserTesting.MidtransChrome</td>
<td></td>
<td>5</td>
<td>testNGPrograms.crossBrowserTesting.MidtransChrome@1722011b</td></tr>
<tr>
<td title='testNGPrograms.crossBrowserTesting.MidtransFirefox.verifyTitle()'><b>verifyTitle</b><br>Test class: testNGPrograms.crossBrowserTesting.MidtransFirefox</td>
<td></td>
<td>5</td>
<td>testNGPrograms.crossBrowserTesting.MidtransFirefox@57ad2aa7</td></tr>
<tr>
<td title='testNGPrograms.crossBrowserTesting.MidtransMSEdge.verifyTitle()'><b>verifyTitle</b><br>Test class: testNGPrograms.crossBrowserTesting.MidtransMSEdge</td>
<td></td>
<td>5</td>
<td>testNGPrograms.crossBrowserTesting.MidtransMSEdge@5b3f61ff</td></tr>
</table><p>
</body>
</html>