<?xml version="1.0" encoding="UTF-8"?>
<testng-results ignored="0" total="15" passed="15" failed="0" skipped="0">
  <reporter-output>
  </reporter-output>
  <suite started-at="2023-07-28T18:19:40 IST" name="Cross Browser Testing Suite" finished-at="2023-07-28T18:22:07 IST" duration-ms="146685">
    <groups>
    </groups>
    <test started-at="2023-07-28T18:19:40 IST" name="Cross Browser Testing Test" finished-at="2023-07-28T18:22:07 IST" duration-ms="146685">
      <class name="testNGPrograms.crossBrowserTesting.MidtransMSEdge">
        <test-method is-config="true" signature="openBrowser()[pri:0, instance:testNGPrograms.crossBrowserTesting.MidtransMSEdge@5b3f61ff]" started-at="2023-07-28T18:20:04 IST" name="openBrowser" finished-at="2023-07-28T18:20:13 IST" duration-ms="9549" status="PASS">
          <reporter-output>
          </reporter-output>
        </test-method> <!-- openBrowser -->
        <test-method signature="navigateToURL()[pri:1, instance:testNGPrograms.crossBrowserTesting.MidtransMSEdge@5b3f61ff]" started-at="2023-07-28T18:21:30 IST" name="navigateToURL" finished-at="2023-07-28T18:21:37 IST" duration-ms="7001" status="PASS">
          <reporter-output>
          </reporter-output>
        </test-method> <!-- navigateToURL -->
        <test-method signature="verifyTitle()[pri:2, instance:testNGPrograms.crossBrowserTesting.MidtransMSEdge@5b3f61ff]" started-at="2023-07-28T18:21:37 IST" name="verifyTitle" finished-at="2023-07-28T18:21:42 IST" duration-ms="5014" status="PASS">
          <reporter-output>
          </reporter-output>
        </test-method> <!-- verifyTitle -->
        <test-method signature="clickOnBuyNowButton()[pri:3, instance:testNGPrograms.crossBrowserTesting.MidtransMSEdge@5b3f61ff]" started-at="2023-07-28T18:21:42 IST" name="clickOnBuyNowButton" finished-at="2023-07-28T18:21:46 IST" duration-ms="4277" status="PASS">
          <reporter-output>
          </reporter-output>
        </test-method> <!-- clickOnBuyNowButton -->
        <test-method signature="verifyShoppingCartPopUp()[pri:4, instance:testNGPrograms.crossBrowserTesting.MidtransMSEdge@5b3f61ff]" started-at="2023-07-28T18:21:46 IST" name="verifyShoppingCartPopUp" finished-at="2023-07-28T18:21:50 IST" duration-ms="3075" status="PASS">
          <reporter-output>
          </reporter-output>
        </test-method> <!-- verifyShoppingCartPopUp -->
        <test-method signature="enterUserDetails()[pri:5, instance:testNGPrograms.crossBrowserTesting.MidtransMSEdge@5b3f61ff]" started-at="2023-07-28T18:21:50 IST" name="enterUserDetails" finished-at="2023-07-28T18:22:06 IST" duration-ms="16303" status="PASS">
          <reporter-output>
          </reporter-output>
        </test-method> <!-- enterUserDetails -->
        <test-method is-config="true" signature="closeBrowser()[pri:0, instance:testNGPrograms.crossBrowserTesting.MidtransMSEdge@5b3f61ff]" started-at="2023-07-28T18:22:07 IST" name="closeBrowser" finished-at="2023-07-28T18:22:07 IST" duration-ms="1" status="FAIL">
          <exception class="org.openqa.selenium.NoSuchSessionException">
            <message>
              <![CDATA[Session ID is null. Using WebDriver after calling quit()?
Build info: version: '3.141.59', revision: 'e82be7d358', time: '2018-11-14T08:17:03'
System info: host: 'PIYUSHVERMA', ip: '192.168.29.106', os.name: 'Windows 10', os.arch: 'amd64', os.version: '10.0', java.version: '11.0.9'
Driver info: driver.version: RemoteWebDriver]]>
            </message>
            <full-stacktrace>
              <![CDATA[org.openqa.selenium.NoSuchSessionException: Session ID is null. Using WebDriver after calling quit()?
Build info: version: '3.141.59', revision: 'e82be7d358', time: '2018-11-14T08:17:03'
System info: host: 'PIYUSHVERMA', ip: '192.168.29.106', os.name: 'Windows 10', os.arch: 'amd64', os.version: '10.0', java.version: '11.0.9'
Driver info: driver.version: RemoteWebDriver
at org.openqa.selenium.remote.HttpCommandExecutor.execute(HttpCommandExecutor.java:125)
at org.openqa.selenium.remote.service.DriverCommandExecutor.execute(DriverCommandExecutor.java:83)
at org.openqa.selenium.remote.RemoteWebDriver.execute(RemoteWebDriver.java:552)
at org.openqa.selenium.remote.RemoteWebDriver.execute(RemoteWebDriver.java:609)
at org.openqa.selenium.remote.RemoteWebDriver.close(RemoteWebDriver.java:442)
at testNGPrograms.crossBrowserTesting.BaseClassCrossBrowserTesting.tearDown(BaseClassCrossBrowserTesting.java:197)
at testNGPrograms.crossBrowserTesting.MidtransMSEdge.closeBrowser(MidtransMSEdge.java:101)
at java.base/jdk.internal.reflect.NativeMethodAccessorImpl.invoke0(Native Method)
at java.base/jdk.internal.reflect.NativeMethodAccessorImpl.invoke(NativeMethodAccessorImpl.java:62)
at java.base/jdk.internal.reflect.DelegatingMethodAccessorImpl.invoke(DelegatingMethodAccessorImpl.java:43)
at java.base/java.lang.reflect.Method.invoke(Method.java:566)
at org.testng.internal.MethodInvocationHelper.invokeMethod(MethodInvocationHelper.java:132)
at org.testng.internal.MethodInvocationHelper.invokeMethodConsideringTimeout(MethodInvocationHelper.java:61)
at org.testng.internal.ConfigInvoker.invokeConfigurationMethod(ConfigInvoker.java:366)
at org.testng.internal.ConfigInvoker.invokeConfigurations(ConfigInvoker.java:320)
at org.testng.TestRunner.invokeTestConfigurations(TestRunner.java:617)
at org.testng.TestRunner.afterRun(TestRunner.java:847)
at org.testng.TestRunner.run(TestRunner.java:588)
at org.testng.SuiteRunner.runTest(SuiteRunner.java:384)
at org.testng.SuiteRunner.runSequentially(SuiteRunner.java:378)
at org.testng.SuiteRunner.privateRun(SuiteRunner.java:337)
at org.testng.SuiteRunner.run(SuiteRunner.java:286)
at org.testng.SuiteRunnerWorker.runSuite(SuiteRunnerWorker.java:53)
at org.testng.SuiteRunnerWorker.run(SuiteRunnerWorker.java:96)
at org.testng.TestNG.runSuitesSequentially(TestNG.java:1218)
at org.testng.TestNG.runSuitesLocally(TestNG.java:1140)
at org.testng.TestNG.runSuites(TestNG.java:1069)
at org.testng.TestNG.run(TestNG.java:1037)
at com.intellij.rt.testng.IDEARemoteTestNG.run(IDEARemoteTestNG.java:66)
at com.intellij.rt.testng.RemoteTestNGStarter.main(RemoteTestNGStarter.java:109)
]]>
            </full-stacktrace>
          </exception> <!-- org.openqa.selenium.NoSuchSessionException -->
          <reporter-output>
          </reporter-output>
        </test-method> <!-- closeBrowser -->
      </class> <!-- testNGPrograms.crossBrowserTesting.MidtransMSEdge -->
      <class name="testNGPrograms.crossBrowserTesting.MidtransFirefox">
        <test-method is-config="true" signature="openBrowser()[pri:0, instance:testNGPrograms.crossBrowserTesting.MidtransFirefox@57ad2aa7]" started-at="2023-07-28T18:19:49 IST" name="openBrowser" finished-at="2023-07-28T18:20:04 IST" duration-ms="15013" status="PASS">
          <reporter-output>
          </reporter-output>
        </test-method> <!-- openBrowser -->
        <test-method signature="navigateToURL()[pri:1, instance:testNGPrograms.crossBrowserTesting.MidtransFirefox@57ad2aa7]" started-at="2023-07-28T18:20:53 IST" name="navigateToURL" finished-at="2023-07-28T18:21:02 IST" duration-ms="8462" status="PASS">
          <reporter-output>
          </reporter-output>
        </test-method> <!-- navigateToURL -->
        <test-method signature="verifyTitle()[pri:2, instance:testNGPrograms.crossBrowserTesting.MidtransFirefox@57ad2aa7]" started-at="2023-07-28T18:21:02 IST" name="verifyTitle" finished-at="2023-07-28T18:21:07 IST" duration-ms="5010" status="PASS">
          <reporter-output>
          </reporter-output>
        </test-method> <!-- verifyTitle -->
        <test-method signature="clickOnBuyNowButton()[pri:3, instance:testNGPrograms.crossBrowserTesting.MidtransFirefox@57ad2aa7]" started-at="2023-07-28T18:21:07 IST" name="clickOnBuyNowButton" finished-at="2023-07-28T18:21:11 IST" duration-ms="4351" status="PASS">
          <reporter-output>
          </reporter-output>
        </test-method> <!-- clickOnBuyNowButton -->
        <test-method signature="verifyShoppingCartPopUp()[pri:4, instance:testNGPrograms.crossBrowserTesting.MidtransFirefox@57ad2aa7]" started-at="2023-07-28T18:21:11 IST" name="verifyShoppingCartPopUp" finished-at="2023-07-28T18:21:14 IST" duration-ms="3074" status="PASS">
          <reporter-output>
          </reporter-output>
        </test-method> <!-- verifyShoppingCartPopUp -->
        <test-method signature="enterUserDetails()[pri:5, instance:testNGPrograms.crossBrowserTesting.MidtransFirefox@57ad2aa7]" started-at="2023-07-28T18:21:14 IST" name="enterUserDetails" finished-at="2023-07-28T18:21:30 IST" duration-ms="16091" status="PASS">
          <reporter-output>
          </reporter-output>
        </test-method> <!-- enterUserDetails -->
        <test-method is-config="true" signature="closeBrowser()[pri:0, instance:testNGPrograms.crossBrowserTesting.MidtransFirefox@57ad2aa7]" started-at="2023-07-28T18:22:07 IST" name="closeBrowser" finished-at="2023-07-28T18:22:07 IST" duration-ms="6" status="FAIL">
          <exception class="org.openqa.selenium.NoSuchSessionException">
            <message>
              <![CDATA[Session ID is null. Using WebDriver after calling quit()?
Build info: version: '3.141.59', revision: 'e82be7d358', time: '2018-11-14T08:17:03'
System info: host: 'PIYUSHVERMA', ip: '192.168.29.106', os.name: 'Windows 10', os.arch: 'amd64', os.version: '10.0', java.version: '11.0.9'
Driver info: driver.version: RemoteWebDriver]]>
            </message>
            <full-stacktrace>
              <![CDATA[org.openqa.selenium.NoSuchSessionException: Session ID is null. Using WebDriver after calling quit()?
Build info: version: '3.141.59', revision: 'e82be7d358', time: '2018-11-14T08:17:03'
System info: host: 'PIYUSHVERMA', ip: '192.168.29.106', os.name: 'Windows 10', os.arch: 'amd64', os.version: '10.0', java.version: '11.0.9'
Driver info: driver.version: RemoteWebDriver
at org.openqa.selenium.remote.HttpCommandExecutor.execute(HttpCommandExecutor.java:125)
at org.openqa.selenium.remote.service.DriverCommandExecutor.execute(DriverCommandExecutor.java:83)
at org.openqa.selenium.remote.RemoteWebDriver.execute(RemoteWebDriver.java:552)
at org.openqa.selenium.remote.RemoteWebDriver.execute(RemoteWebDriver.java:609)
at org.openqa.selenium.remote.RemoteWebDriver.close(RemoteWebDriver.java:442)
at testNGPrograms.crossBrowserTesting.BaseClassCrossBrowserTesting.tearDown(BaseClassCrossBrowserTesting.java:197)
at testNGPrograms.crossBrowserTesting.MidtransFirefox.closeBrowser(MidtransFirefox.java:101)
at java.base/jdk.internal.reflect.NativeMethodAccessorImpl.invoke0(Native Method)
at java.base/jdk.internal.reflect.NativeMethodAccessorImpl.invoke(NativeMethodAccessorImpl.java:62)
at java.base/jdk.internal.reflect.DelegatingMethodAccessorImpl.invoke(DelegatingMethodAccessorImpl.java:43)
at java.base/java.lang.reflect.Method.invoke(Method.java:566)
at org.testng.internal.MethodInvocationHelper.invokeMethod(MethodInvocationHelper.java:132)
at org.testng.internal.MethodInvocationHelper.invokeMethodConsideringTimeout(MethodInvocationHelper.java:61)
at org.testng.internal.ConfigInvoker.invokeConfigurationMethod(ConfigInvoker.java:366)
at org.testng.internal.ConfigInvoker.invokeConfigurations(ConfigInvoker.java:320)
at org.testng.TestRunner.invokeTestConfigurations(TestRunner.java:617)
at org.testng.TestRunner.afterRun(TestRunner.java:847)
at org.testng.TestRunner.run(TestRunner.java:588)
at org.testng.SuiteRunner.runTest(SuiteRunner.java:384)
at org.testng.SuiteRunner.runSequentially(SuiteRunner.java:378)
at org.testng.SuiteRunner.privateRun(SuiteRunner.java:337)
at org.testng.SuiteRunner.run(SuiteRunner.java:286)
at org.testng.SuiteRunnerWorker.runSuite(SuiteRunnerWorker.java:53)
at org.testng.SuiteRunnerWorker.run(SuiteRunnerWorker.java:96)
at org.testng.TestNG.runSuitesSequentially(TestNG.java:1218)
at org.testng.TestNG.runSuitesLocally(TestNG.java:1140)
at org.testng.TestNG.runSuites(TestNG.java:1069)
at org.testng.TestNG.run(TestNG.java:1037)
at com.intellij.rt.testng.IDEARemoteTestNG.run(IDEARemoteTestNG.java:66)
at com.intellij.rt.testng.RemoteTestNGStarter.main(RemoteTestNGStarter.java:109)
]]>
            </full-stacktrace>
          </exception> <!-- org.openqa.selenium.NoSuchSessionException -->
          <reporter-output>
          </reporter-output>
        </test-method> <!-- closeBrowser -->
      </class> <!-- testNGPrograms.crossBrowserTesting.MidtransFirefox -->
      <class name="testNGPrograms.crossBrowserTesting.MidtransChrome">
        <test-method is-config="true" signature="openBrowser()[pri:0, instance:testNGPrograms.crossBrowserTesting.MidtransChrome@1722011b]" started-at="2023-07-28T18:19:40 IST" name="openBrowser" finished-at="2023-07-28T18:19:49 IST" duration-ms="8411" status="PASS">
          <reporter-output>
          </reporter-output>
        </test-method> <!-- openBrowser -->
        <test-method signature="navigateToURL()[pri:1, instance:testNGPrograms.crossBrowserTesting.MidtransChrome@1722011b]" started-at="2023-07-28T18:20:13 IST" name="navigateToURL" finished-at="2023-07-28T18:20:22 IST" duration-ms="8257" status="PASS">
          <reporter-output>
          </reporter-output>
        </test-method> <!-- navigateToURL -->
        <test-method signature="verifyTitle()[pri:2, instance:testNGPrograms.crossBrowserTesting.MidtransChrome@1722011b]" started-at="2023-07-28T18:20:22 IST" name="verifyTitle" finished-at="2023-07-28T18:20:27 IST" duration-ms="5029" status="PASS">
          <reporter-output>
          </reporter-output>
        </test-method> <!-- verifyTitle -->
        <test-method signature="clickOnBuyNowButton()[pri:3, instance:testNGPrograms.crossBrowserTesting.MidtransChrome@1722011b]" started-at="2023-07-28T18:20:27 IST" name="clickOnBuyNowButton" finished-at="2023-07-28T18:20:31 IST" duration-ms="4309" status="PASS">
          <reporter-output>
          </reporter-output>
        </test-method> <!-- clickOnBuyNowButton -->
        <test-method signature="verifyShoppingCartPopUp()[pri:4, instance:testNGPrograms.crossBrowserTesting.MidtransChrome@1722011b]" started-at="2023-07-28T18:20:31 IST" name="verifyShoppingCartPopUp" finished-at="2023-07-28T18:20:34 IST" duration-ms="3211" status="PASS">
          <reporter-output>
          </reporter-output>
        </test-method> <!-- verifyShoppingCartPopUp -->
        <test-method signature="enterUserDetails()[pri:5, instance:testNGPrograms.crossBrowserTesting.MidtransChrome@1722011b]" started-at="2023-07-28T18:20:34 IST" name="enterUserDetails" finished-at="2023-07-28T18:20:53 IST" duration-ms="19036" status="PASS">
          <reporter-output>
          </reporter-output>
        </test-method> <!-- enterUserDetails -->
        <test-method is-config="true" signature="closeBrowser()[pri:0, instance:testNGPrograms.crossBrowserTesting.MidtransChrome@1722011b]" started-at="2023-07-28T18:22:06 IST" name="closeBrowser" finished-at="2023-07-28T18:22:07 IST" duration-ms="1021" status="PASS">
          <reporter-output>
          </reporter-output>
        </test-method> <!-- closeBrowser -->
      </class> <!-- testNGPrograms.crossBrowserTesting.MidtransChrome -->
    </test> <!-- Cross Browser Testing Test -->
  </suite> <!-- Cross Browser Testing Suite -->
</testng-results>
